e:\my documents\nyu\courses\fre 6883 financial computing\project_final\project\debug\vc141.pdb
e:\my documents\nyu\courses\fre 6883 financial computing\project_final\project\debug\vc141.idb
e:\my documents\nyu\courses\fre 6883 financial computing\project_final\project\debug\vectoroperator.obj
e:\my documents\nyu\courses\fre 6883 financial computing\project_final\project\debug\stock.obj
e:\my documents\nyu\courses\fre 6883 financial computing\project_final\project\debug\main.obj
e:\my documents\nyu\courses\fre 6883 financial computing\project_final\project\debug\group.obj
e:\my documents\nyu\courses\fre 6883 financial computing\project_final\project\debug\getdata.obj
e:\my documents\nyu\courses\fre 6883 financial computing\project_final\project\debug\stdafx.obj
e:\my documents\nyu\courses\fre 6883 financial computing\project_final\project\debug\datasimexception.obj
e:\my documents\nyu\courses\fre 6883 financial computing\project_final\project\debug\excelmechanisms.obj
e:\my documents\nyu\courses\fre 6883 financial computing\project_final\project\debug\excelimports.obj
e:\my documents\nyu\courses\fre 6883 financial computing\project_final\project\debug\exceldriver.obj
e:\my documents\nyu\courses\fre 6883 financial computing\project_final\project\debug\stringconversions.obj
e:\my documents\nyu\courses\fre 6883 financial computing\project_final\project\debug\display.obj
e:\my documents\nyu\courses\fre 6883 financial computing\project_final\debug\project.exe
e:\my documents\nyu\courses\fre 6883 financial computing\project_final\debug\project.ilk
e:\my documents\nyu\courses\fre 6883 financial computing\project_final\debug\project.pdb
e:\my documents\nyu\courses\fre 6883 financial computing\project_final\project\debug\excel.tli
e:\my documents\nyu\courses\fre 6883 financial computing\project_final\project\debug\mso.tli
e:\my documents\nyu\courses\fre 6883 financial computing\project_final\project\debug\vbe6ext.tli
e:\my documents\nyu\courses\fre 6883 financial computing\project_final\project\debug\excel.tlh
e:\my documents\nyu\courses\fre 6883 financial computing\project_final\project\debug\mso.tlh
e:\my documents\nyu\courses\fre 6883 financial computing\project_final\project\debug\vbe6ext.tlh
e:\my documents\nyu\courses\fre 6883 financial computing\project_final\project\debug\project.tlog\cl.command.1.tlog
e:\my documents\nyu\courses\fre 6883 financial computing\project_final\project\debug\project.tlog\cl.read.1.tlog
e:\my documents\nyu\courses\fre 6883 financial computing\project_final\project\debug\project.tlog\cl.write.1.tlog
e:\my documents\nyu\courses\fre 6883 financial computing\project_final\project\debug\project.tlog\link.command.1.tlog
e:\my documents\nyu\courses\fre 6883 financial computing\project_final\project\debug\project.tlog\link.read.1.tlog
e:\my documents\nyu\courses\fre 6883 financial computing\project_final\project\debug\project.tlog\link.write.1.tlog
